
Showing logs for build [32mcb-kubecd-environment-pr-187-19-rq7hw-1[0m stage [32mfrom-build-pack[0m and container [32mstep-credential-initializer-hs6qr[0m
{"level":"warn","ts":1585096618.9163082,"logger":"fallback-logger","caller":"logging/config.go:69","msg":"Fetch GitHub commit ID from kodata failed: \"ref: refs/heads/0.8.0-**-support-backwards-incompats\" is not a valid GitHub commit ID"}
{"level":"info","ts":1585096618.9174018,"logger":"fallback-logger","caller":"creds-init/main.go:40","msg":"Credentials initialized."}

Showing logs for build [32mcb-kubecd-environment-pr-187-19-rq7hw-1[0m stage [32mfrom-build-pack[0m and container [32mstep-working-dir-initializer-9jdxv[0m
{"level":"warn","ts":1585096619.4532511,"logger":"fallback-logger","caller":"logging/config.go:69","msg":"Fetch GitHub commit ID from kodata failed: open /var/run/ko/HEAD: no such file or directory"}
{"level":"info","ts":1585096619.4549837,"logger":"fallback-logger","caller":"bash/main.go:64","msg":"Successfully executed command \"sh -c mkdir -p /workspace/source\"; output "}

Showing logs for build [32mcb-kubecd-environment-pr-187-19-rq7hw-1[0m stage [32mfrom-build-pack[0m and container [32mstep-place-tools[0m

Showing logs for build [32mcb-kubecd-environment-pr-187-19-rq7hw-1[0m stage [32mfrom-build-pack[0m and container [32mstep-git-source-cb-kubecd-environment-pr-187-19-rq7hw-wf4xm[0m
{"level":"warn","ts":1585096625.574153,"logger":"fallback-logger","caller":"logging/config.go:69","msg":"Fetch GitHub commit ID from kodata failed: \"ref: refs/heads/0.8.0-**-support-backwards-incompats\" is not a valid GitHub commit ID"}
{"level":"info","ts":1585096626.7079306,"logger":"fallback-logger","caller":"git/git.go:103","msg":"Successfully cloned https://github.com/cb-kubecd/environment-pr-187-190-boot-vault-gke-staging.git @ master in path /workspace/source"}

Showing logs for build [32mcb-kubecd-environment-pr-187-19-rq7hw-1[0m stage [32mfrom-build-pack[0m and container [32mstep-git-merge[0m
Using SHAs from PULL_REFS=master:51ad987ec9cccdef3eb9a7c3efa178bd812103ad,1:5c0681dc04f1729995a2610a71422bb00b86448e
DEBUG: LC_ALL=C JX_LOG_LEVEL=error git fetch origin --unshallow 5c0681dc04f1729995a2610a71422bb00b86448e: 51ad987ec9cccdef3eb9a7c3efa178bd812103ad:
DEBUG: ran git fetch --unshallow origin 5c0681dc04f1729995a2610a71422bb00b86448e: 51ad987ec9cccdef3eb9a7c3efa178bd812103ad: in 
DEBUG: JX_LOG_LEVEL=error LC_ALL=C git branch
DEBUG: LC_ALL=C JX_LOG_LEVEL=error git checkout master
DEBUG: ran git checkout master in 
DEBUG: LC_ALL=C JX_LOG_LEVEL=error git reset --hard 51ad987ec9cccdef3eb9a7c3efa178bd812103ad
DEBUG: ran git reset --hard 51ad987ec9cccdef3eb9a7c3efa178bd812103ad in 
DEBUG: LC_ALL=C JX_LOG_LEVEL=error git clean -fd .
DEBUG: ran clean --force -d . in 
DEBUG: LC_ALL=C JX_LOG_LEVEL=error git merge 5c0681dc04f1729995a2610a71422bb00b86448e
DEBUG: ran git merge 5c0681dc04f1729995a2610a71422bb00b86448e in 
DEBUG: LC_ALL=C JX_LOG_LEVEL=error git log --format=%H%x1f%an%x1f%ae%x1f%cn%x1f%ce%x1f%s%n%b%x1e 51ad987ec9cccdef3eb9a7c3efa178bd812103ad..HEAD
Merged SHA 5c0681dc04f1729995a2610a71422bb00b86448e with commit message 'chore: Promote bdd-spring-1585096255 to version 0.0.1' into base branch master

Showing logs for build [32mcb-kubecd-environment-pr-187-19-rq7hw-1[0m stage [32mfrom-build-pack[0m and container [32mstep-build-helm-build[0m
WARNING: No $CHART_REPOSITORY defined so using the default value of: http://jenkins-x-chartmuseum:8080
Adding missing Helm repo: storage.googleapis.com https://storage.googleapis.com/chartmuseum.jenkins-x.io
WARNING: No secrets found on "helm/repos" due: reading the secret "helm/repos" from vault: no secret "helm/repos" not found in vault
Read credentials for https://storage.googleapis.com/chartmuseum.jenkins-x.io from vault helm/repos
Successfully added Helm repository storage.googleapis.com.
Adding missing Helm repo: jenkins-x-chartmuseum http://jenkins-x-chartmuseum:8080
WARNING: No secrets found on "helm/repos" due: reading the secret "helm/repos" from vault: no secret "helm/repos" not found in vault
Read credentials for http://jenkins-x-chartmuseum:8080 from vault helm/repos
Successfully added Helm repository jenkins-x-chartmuseum.
WARNING: No $CHART_REPOSITORY defined so using the default value of: http://jenkins-x-chartmuseum:8080
Adding missing Helm repo: chartmuseum.jenkins-x.io http://chartmuseum.jenkins-x.io
WARNING: No secrets found on "helm/repos" due: reading the secret "helm/repos" from vault: no secret "helm/repos" not found in vault
Read credentials for http://chartmuseum.jenkins-x.io from vault helm/repos
Successfully added Helm repository chartmuseum.jenkins-x.io.
